-----------------------------  rnlms.pjt - Debug  -----------------------------
[rnlms.c] "C:\CCStudio_v3.3\C6000\cgtools\bin\cl6x" -g -fr"C:/CCStudio_v3.3/MyProjects/rnlms/Debug" -d"_DEBUG" -mv6700 -@"Debug.lkf" "rnlms.c"

[tester.c] "C:\CCStudio_v3.3\C6000\cgtools\bin\cl6x" -g -fr"C:/CCStudio_v3.3/MyProjects/rnlms/Debug" -d"_DEBUG" -mv6700 -@"Debug.lkf" "tester.c"
"tester.c", line 44: error: declaration may not appear after executable statement in block
"tester.c", line 45: error: declaration may not appear after executable statement in block
"tester.c", line 46: error: declaration may not appear after executable statement in block
"tester.c", line 47: error: declaration may not appear after executable statement in block
"tester.c", line 69: error: declaration may not appear after executable statement in block
5 errors detected in the compilation of "tester.c".

>> Compilation failure

Build Complete,
  5 Errors, 0 Warnings, 0 Remarks.
